
xv6 kernel is booting

hart 1 starting
hart 2 starting
init: starting sh
$ usertests
usertests starting
test manywrites: OK
test execout: OK
test copyin: OK
test copyout: OK
test copyinstr1: OK
test copyinstr2: OK
test copyinstr3: OK
test rwsbrk: OK
test truncate1: OK
test truncate2: OK
test truncate3: OK
test reparent2: OK
test pgbug: OK
test sbrkbugs: 22usertrap(): unexpected scause 0x000000000000000c pid=3240
            sepc=0x00000000000056a4 stval=0x00000000000056a4
22usertrap(): unexpected scause 0x000000000000000c pid=3241
            sepc=0x00000000000056a4 stval=0x00000000000056a4
OK
test badarg: OK
test reparent: OK
test twochildren: OK
test forkfork: OK
test forkforkfork: OK
test argptest: OK
test createdelete: OK
test linkunlink: OK
test linktest: OK
test unlinkread: OK
test concreate: OK
test subdir: OK
test fourfiles: OK
test sharedfd: OK
test dirtest: OK
test exectest: OK
test bigargtest: OK
test bigwrite: OK
test bsstest: OK
test sbrkbasic: OK
test sbrkmuch: OK
test kernmem: 11usertrap(): unexpected scause 0x000000000000000d pid=6221
            sepc=0x000000000000215c stval=0x0000000080000000
11usertrap(): unexpected scause 0x000000000000000d pid=6222
            sepc=0x000000000000215c stval=0x000000008000c350
11usertrap(): unexpected scause 0x000000000000000d pid=6223
            sepc=0x000000000000215c stval=0x00000000800186a0
11usertrap(): unexpected scause 0x000000000000000d pid=6224
            sepc=0x000000000000215c stval=0x00000000800249f0
11usertrap(): unexpected scause 0x000000000000000d pid=6225
            sepc=0x000000000000215c stval=0x0000000080030d40
11usertrap(): unexpected scause 0x000000000000000d pid=6226
            sepc=0x000000000000215c stval=0x000000008003d090
11usertrap(): unexpected scause 0x000000000000000d pid=6227
            sepc=0x000000000000215c stval=0x00000000800493e0
11usertrap(): unexpected scause 0x000000000000000d pid=6228
            sepc=0x000000000000215c stval=0x0000000080055730
11usertrap(): unexpected scause 0x000000000000000d pid=6229
            sepc=0x000000000000215c stval=0x0000000080061a80
11usertrap(): unexpected scause 0x000000000000000d pid=6230
            sepc=0x000000000000215c stval=0x000000008006ddd0
11usertrap(): unexpected scause 0x000000000000000d pid=6231
            sepc=0x000000000000215c stval=0x000000008007a120
11usertrap(): unexpected scause 0x000000000000000d pid=6232
            sepc=0x000000000000215c stval=0x0000000080086470
11usertrap(): unexpected scause 0x000000000000000d pid=6233
            sepc=0x000000000000215c stval=0x00000000800927c0
11usertrap(): unexpected scause 0x000000000000000d pid=6234
            sepc=0x000000000000215c stval=0x000000008009eb10
11usertrap(): unexpected scause 0x000000000000000d pid=6235
            sepc=0x000000000000215c stval=0x00000000800aae60
11usertrap(): unexpected scause 0x000000000000000d pid=6236
            sepc=0x000000000000215c stval=0x00000000800b71b0
11usertrap(): unexpected scause 0x000000000000000d pid=6237
            sepc=0x000000000000215c stval=0x00000000800c3500
11usertrap(): unexpected scause 0x000000000000000d pid=6238
            sepc=0x000000000000215c stval=0x00000000800cf850
11usertrap(): unexpected scause 0x000000000000000d pid=6239
            sepc=0x000000000000215c stval=0x00000000800dbba0
11usertrap(): unexpected scause 0x000000000000000d pid=6240
            sepc=0x000000000000215c stval=0x00000000800e7ef0
11usertrap(): unexpected scause 0x000000000000000d pid=6241
            sepc=0x000000000000215c stval=0x00000000800f4240
11usertrap(): unexpected scause 0x000000000000000d pid=6242
            sepc=0x000000000000215c stval=0x0000000080100590
11usertrap(): unexpected scause 0x000000000000000d pid=6243
            sepc=0x000000000000215c stval=0x000000008010c8e0
11usertrap(): unexpected scause 0x000000000000000d pid=6244
            sepc=0x000000000000215c stval=0x0000000080118c30
11usertrap(): unexpected scause 0x000000000000000d pid=6245
            sepc=0x000000000000215c stval=0x0000000080124f80
11usertrap(): unexpected scause 0x000000000000000d pid=6246
            sepc=0x000000000000215c stval=0x00000000801312d0
11usertrap(): unexpected scause 0x000000000000000d pid=6247
            sepc=0x000000000000215c stval=0x000000008013d620
11usertrap(): unexpected scause 0x000000000000000d pid=6248
            sepc=0x000000000000215c stval=0x0000000080149970
11usertrap(): unexpected scause 0x000000000000000d pid=6249
            sepc=0x000000000000215c stval=0x0000000080155cc0
11usertrap(): unexpected scause 0x000000000000000d pid=6250
            sepc=0x000000000000215c stval=0x0000000080162010
11usertrap(): unexpected scause 0x000000000000000d pid=6251
            sepc=0x000000000000215c stval=0x000000008016e360
11usertrap(): unexpected scause 0x000000000000000d pid=6252
            sepc=0x000000000000215c stval=0x000000008017a6b0
11usertrap(): unexpected scause 0x000000000000000d pid=6253
            sepc=0x000000000000215c stval=0x0000000080186a00
11usertrap(): unexpected scause 0x000000000000000d pid=6254
            sepc=0x000000000000215c stval=0x0000000080192d50
11usertrap(): unexpected scause 0x000000000000000d pid=6255
            sepc=0x000000000000215c stval=0x000000008019f0a0
11usertrap(): unexpected scause 0x000000000000000d pid=6256
            sepc=0x000000000000215c stval=0x00000000801ab3f0
11usertrap(): unexpected scause 0x000000000000000d pid=6257
            sepc=0x000000000000215c stval=0x00000000801b7740
11usertrap(): unexpected scause 0x000000000000000d pid=6258
            sepc=0x000000000000215c stval=0x00000000801c3a90
11usertrap(): unexpected scause 0x000000000000000d pid=6259
            sepc=0x000000000000215c stval=0x00000000801cfde0
11usertrap(): unexpected scause 0x000000000000000d pid=6260
            sepc=0x000000000000215c stval=0x00000000801dc130
OK
test sbrkfail: 11usertrap(): unexpected scause 0x000000000000000d pid=6272
            sepc=0x00000000000041fc stval=0x0000000000012000
OK
test sbrkarg: OK
test validatetest: OK
test stacktest: 11usertrap(): unexpected scause 0x000000000000000d pid=6276
            sepc=0x00000000000022cc stval=0x000000000000fb90
OK
test opentest: OK
test writetest: OK
test writebig: OK
test createtest: OK
test openiput: OK
test exitiput: OK
test iput: OK
test mem: OK
test pipe1: OK
test preempt: kill... wait... OK
test exitwait: OK
test rmdot: OK
test fourteen: OK
test bigfile: OK
test dirfile: OK
test iref: OK
test forktest: OK
test bigdir: OK
ALL TESTS PASSED
$ qemu-system-riscv64: terminating on signal 15 from pid 72982 (make)
